Launching MegaObfuskator...
⠀⠀⠀⠀⠀⠀⠀⠀⠀⠀⢀⡴⠟⠛⠛⠛⠛⠛⢦⣄⠀⠀⠀⠀⠀⠀⠀⠀⠀⠀
⠀⠀⠀⠀⠀⠀⠀⠀⣠⡾⠋⠀⠀⠀⠀⠀⠀⠀⠀⠙⠷⣄⠀⠀⠀⠀⠀⠀⠀⠀
⠀⠀⠀⠀⠀⠀⠀⢀⡟⠀⠀⠀⠀⠀⠀⠀⠀⠀⠀⠀⠀⢹⡆⠀⠀⠀⠀⠀⠀⠀
⠀⠀⠀⠀⠀⠀⠀⠀⠁⠀⠀⠀⠀⠀⠀⠀⠀⠀⠀⠀⠀⠈⣷⠀⠀⠀⠀⠀⠀⠀
⠀⠀⠀⠀⠀⠀⢀⡿⠀⠀⢀⣀⣤⡴⠶⠶⢦⣤⣀⡀⠀⠀⢻⡆⠀⠀⠀⠀⠀⠀
⠀⠀⠀⠀⠀⠀⠘⣧⡀⠛⢻⡏⠀⠀⠀⠀⠀⠀⠉⣿⠛⠂⣼⠇⠀⠀⠀⠀⠀⠀
⠀⠀⠀⠀⢀⣤⡴⠾⢷⡄⢸⡇⠀⠀⠀⠀⠀⠀⢀⡟⢀⡾⠷⢦⣤⡀⠀⠀⠀⠀
⠀⠀⠀⢀⡾⢁⣀⣀⣀⣻⣆⣻⣦⣤⣀⣀⣠⣴⣟⣡⣟⣁⣀⣀⣀⢻⡄⠀⠀⠀
⠀⠀⢀⡾⠁⣿⠉⠉⠀⠀⠉⠁⠉⠉⠉⠉⠉⠀⠀⠈⠁⠈⠉⠉⣿⠈⢿⡄⠀⠀
⠀⠀⣾⠃⠀⣿⠀⠀⠀⠀⠀⠀⣠⠶⠛⠛⠷⣤⠀⠀⠀⠀⠀⠀⣿⠀⠈⢷⡀⠀
⠀⣼⠃⠀⠀⣿⠀⠀⠀⠀⠀⢸⠏⢤⡀⢀⣤⠘⣧⠀⠀⠀⠀⠀⣿⠀⠀⠈⣷⠀
⢸⡇⠀⠀⠀⣿⠀⠀⠀⠀⠀⠘⢧⣄⠁⠈⣁⣴⠏⠀⠀⠀⠀⠀⣿⠀⠀⠀⠘⣧
⠈⠳⣦⣀⠀⣿⠀⠀⠀⠀⠀⠀⠀⠻⠶⠶⠟⠀⠀⠀⠀⠀⠀⠀⣿⠀⢀⣤⠞⠃
⠀⠀⠀⠙⠷⣿⣀⣀⣀⣀⣀⣠⣤⣤⣤⣤⣀⣤⣠⣤⡀⠀⣤⣄⣿⡶⠋⠁⠀⠀
⠀⠀⠀⠀⠀⢿⣤⣤⣤⣤⣤⣤⣤⣤⣤⣤⣤⣤⣤⣤⣤⣤⣤⣤⣿⠀⠀⠀⠀⠀

  Software critical configuration:
      - Python: 3.6.8
      - numpy: 1.19.5
Loading pristine picture...
Pixel-based obfuscation ongoing...
Dumping result...
Mischief managed...
